<?xml version="1.0" encoding="UTF-8"?>
<testsuite name="Scenario: Reseting after incrementing with several values" tests="5" skipped="0" failures="0" errors="0" timestamp="2017-11-16T11:01:51" hostname="batting-object" time="0.002">
  <properties/>
  <testcase name="Given Counter is initialized" classname="Scenario: Reseting after incrementing with several values" time="0.0"/>
  <testcase name="When it is incremented by 5" classname="Scenario: Reseting after incrementing with several values" time="0.0"/>
  <testcase name="And it is reseted" classname="Scenario: Reseting after incrementing with several values" time="0.0"/>
  <testcase name="Then the value should be 0" classname="Scenario: Reseting after incrementing with several values" time="0.0"/>
  <testcase name="classMethod" classname="Scenario: Reseting after incrementing with several values" time="0.003"/>
  <system-out><![CDATA[
  Scenario: Reseting after one increment ?[90m# ohtu/resetingCounter.feature:3?[0m
    ?[32mGiven ?[0m?[32mCounter is initialized?[0m         ?[90m# Stepdefs.counter_is_initialized()?[0m
    ?[32mWhen ?[0m?[32mit is incremented?[0m               ?[90m# Stepdefs.it_is_incremented()?[0m
    ?[32mAnd ?[0m?[32mit is reseted?[0m                    ?[90m# Stepdefs.it_is_reseted()?[0m
    ?[32mThen ?[0m?[32mthe value should be ?[0m?[32m?[1m0?[0m           ?[90m# Stepdefs.the_value_should_be(int)?[0m
]]></system-out>
  <system-err><![CDATA[]]></system-err>
</testsuite>
